<?xml version="1.0" encoding="UTF-8"?>
<coverage generated="1773651125389" clover="3.2.0">
  <project timestamp="1773651125389" name="All files">
    <metrics statements="17252" coveredstatements="11645" conditionals="3772" coveredconditionals="2867" methods="708" coveredmethods="648" elements="21732" coveredelements="15160" complexity="0" loc="17252" ncloc="17252" packages="23" files="141" classes="141"/>
    <package name="taro">
      <metrics statements="60" coveredstatements="0" conditionals="1" coveredconditionals="0" methods="1" coveredmethods="0"/>
      <file name="eslint.unused.config.mjs" path="/Users/michaelgichia/workspace/taro/eslint.unused.config.mjs">
        <metrics statements="60" coveredstatements="0" conditionals="1" coveredconditionals="0" methods="1" coveredmethods="0"/>
        <line num="1" count="0" type="cond" truecount="0" falsecount="1"/>
        <line num="2" count="0" type="stmt"/>
        <line num="3" count="0" type="stmt"/>
        <line num="5" count="0" type="stmt"/>
        <line num="7" count="0" type="stmt"/>
        <line num="8" count="0" type="stmt"/>
        <line num="9" count="0" type="stmt"/>
        <line num="10" count="0" type="stmt"/>
        <line num="11" count="0" type="stmt"/>
        <line num="12" count="0" type="stmt"/>
        <line num="13" count="0" type="stmt"/>
        <line num="14" count="0" type="stmt"/>
        <line num="15" count="0" type="stmt"/>
        <line num="16" count="0" type="stmt"/>
        <line num="17" count="0" type="stmt"/>
        <line num="18" count="0" type="stmt"/>
        <line num="19" count="0" type="stmt"/>
        <line num="20" count="0" type="stmt"/>
        <line num="21" count="0" type="stmt"/>
        <line num="22" count="0" type="stmt"/>
        <line num="23" count="0" type="stmt"/>
        <line num="24" count="0" type="stmt"/>
        <line num="25" count="0" type="stmt"/>
        <line num="26" count="0" type="stmt"/>
        <line num="27" count="0" type="stmt"/>
        <line num="28" count="0" type="stmt"/>
        <line num="29" count="0" type="stmt"/>
        <line num="30" count="0" type="stmt"/>
        <line num="31" count="0" type="stmt"/>
        <line num="32" count="0" type="stmt"/>
        <line num="33" count="0" type="stmt"/>
        <line num="34" count="0" type="stmt"/>
        <line num="35" count="0" type="stmt"/>
        <line num="36" count="0" type="stmt"/>
        <line num="37" count="0" type="stmt"/>
        <line num="38" count="0" type="stmt"/>
        <line num="39" count="0" type="stmt"/>
        <line num="40" count="0" type="stmt"/>
        <line num="41" count="0" type="stmt"/>
        <line num="42" count="0" type="stmt"/>
        <line num="43" count="0" type="stmt"/>
        <line num="44" count="0" type="stmt"/>
        <line num="45" count="0" type="stmt"/>
        <line num="46" count="0" type="stmt"/>
        <line num="47" count="0" type="stmt"/>
        <line num="48" count="0" type="stmt"/>
        <line num="49" count="0" type="stmt"/>
        <line num="50" count="0" type="stmt"/>
        <line num="51" count="0" type="stmt"/>
        <line num="52" count="0" type="stmt"/>
        <line num="53" count="0" type="stmt"/>
        <line num="54" count="0" type="stmt"/>
        <line num="55" count="0" type="stmt"/>
        <line num="56" count="0" type="stmt"/>
        <line num="57" count="0" type="stmt"/>
        <line num="58" count="0" type="stmt"/>
        <line num="59" count="0" type="stmt"/>
        <line num="60" count="0" type="stmt"/>
        <line num="61" count="0" type="stmt"/>
        <line num="62" count="0" type="stmt"/>
      </file>
    </package>
    <package name="taro.bin">
      <metrics statements="2" coveredstatements="0" conditionals="1" coveredconditionals="0" methods="1" coveredmethods="0"/>
      <file name="install.js" path="/Users/michaelgichia/workspace/taro/bin/install.js">
        <metrics statements="2" coveredstatements="0" conditionals="1" coveredconditionals="0" methods="1" coveredmethods="0"/>
        <line num="1" count="0" type="cond" truecount="0" falsecount="1"/>
        <line num="3" count="0" type="stmt"/>
      </file>
    </package>
    <package name="taro.hooks">
      <metrics statements="70" coveredstatements="0" conditionals="4" coveredconditionals="0" methods="4" coveredmethods="0"/>
      <file name="state-paths.js" path="/Users/michaelgichia/workspace/taro/hooks/state-paths.js">
        <metrics statements="18" coveredstatements="0" conditionals="1" coveredconditionals="0" methods="1" coveredmethods="0"/>
        <line num="1" count="0" type="cond" truecount="0" falsecount="1"/>
        <line num="2" count="0" type="stmt"/>
        <line num="4" count="0" type="stmt"/>
        <line num="6" count="0" type="stmt"/>
        <line num="7" count="0" type="stmt"/>
        <line num="8" count="0" type="stmt"/>
        <line num="9" count="0" type="stmt"/>
        <line num="10" count="0" type="stmt"/>
        <line num="11" count="0" type="stmt"/>
        <line num="12" count="0" type="stmt"/>
        <line num="13" count="0" type="stmt"/>
        <line num="14" count="0" type="stmt"/>
        <line num="15" count="0" type="stmt"/>
        <line num="17" count="0" type="stmt"/>
        <line num="18" count="0" type="stmt"/>
        <line num="20" count="0" type="stmt"/>
        <line num="21" count="0" type="stmt"/>
        <line num="22" count="0" type="stmt"/>
      </file>
      <file name="taro-check-update.js" path="/Users/michaelgichia/workspace/taro/hooks/taro-check-update.js">
        <metrics statements="4" coveredstatements="0" conditionals="1" coveredconditionals="0" methods="1" coveredmethods="0"/>
        <line num="1" count="0" type="cond" truecount="0" falsecount="1"/>
        <line num="3" count="0" type="stmt"/>
        <line num="4" count="0" type="stmt"/>
        <line num="5" count="0" type="stmt"/>
      </file>
      <file name="taro-context-monitor.js" path="/Users/michaelgichia/workspace/taro/hooks/taro-context-monitor.js">
        <metrics statements="40" coveredstatements="0" conditionals="1" coveredconditionals="0" methods="1" coveredmethods="0"/>
        <line num="1" count="0" type="cond" truecount="0" falsecount="1"/>
        <line num="3" count="0" type="stmt"/>
        <line num="5" count="0" type="stmt"/>
        <line num="7" count="0" type="stmt"/>
        <line num="8" count="0" type="stmt"/>
        <line num="9" count="0" type="stmt"/>
        <line num="10" count="0" type="stmt"/>
        <line num="11" count="0" type="stmt"/>
        <line num="12" count="0" type="stmt"/>
        <line num="13" count="0" type="stmt"/>
        <line num="15" count="0" type="stmt"/>
        <line num="16" count="0" type="stmt"/>
        <line num="17" count="0" type="stmt"/>
        <line num="18" count="0" type="stmt"/>
        <line num="19" count="0" type="stmt"/>
        <line num="20" count="0" type="stmt"/>
        <line num="21" count="0" type="stmt"/>
        <line num="23" count="0" type="stmt"/>
        <line num="24" count="0" type="stmt"/>
        <line num="25" count="0" type="stmt"/>
        <line num="26" count="0" type="stmt"/>
        <line num="27" count="0" type="stmt"/>
        <line num="28" count="0" type="stmt"/>
        <line num="29" count="0" type="stmt"/>
        <line num="30" count="0" type="stmt"/>
        <line num="31" count="0" type="stmt"/>
        <line num="32" count="0" type="stmt"/>
        <line num="34" count="0" type="stmt"/>
        <line num="35" count="0" type="stmt"/>
        <line num="36" count="0" type="stmt"/>
        <line num="37" count="0" type="stmt"/>
        <line num="38" count="0" type="stmt"/>
        <line num="39" count="0" type="stmt"/>
        <line num="40" count="0" type="stmt"/>
        <line num="41" count="0" type="stmt"/>
        <line num="42" count="0" type="stmt"/>
        <line num="43" count="0" type="stmt"/>
        <line num="45" count="0" type="stmt"/>
        <line num="46" count="0" type="stmt"/>
        <line num="47" count="0" type="stmt"/>
      </file>
      <file name="taro-statusline.js" path="/Users/michaelgichia/workspace/taro/hooks/taro-statusline.js">
        <metrics statements="8" coveredstatements="0" conditionals="1" coveredconditionals="0" methods="1" coveredmethods="0"/>
        <line num="1" count="0" type="cond" truecount="0" falsecount="1"/>
        <line num="3" count="0" type="stmt"/>
        <line num="5" count="0" type="stmt"/>
        <line num="6" count="0" type="stmt"/>
        <line num="7" count="0" type="stmt"/>
        <line num="9" count="0" type="stmt"/>
        <line num="10" count="0" type="stmt"/>
        <line num="11" count="0" type="stmt"/>
      </file>
    </package>
    <package name="taro.sample">
      <metrics statements="89" coveredstatements="0" conditionals="1" coveredconditionals="0" methods="1" coveredmethods="0"/>
      <file name="sample-rest-recordingextension-output.js" path="/Users/michaelgichia/workspace/taro/sample/sample-rest-recordingextension-output.js">
        <metrics statements="89" coveredstatements="0" conditionals="1" coveredconditionals="0" methods="1" coveredmethods="0"/>
        <line num="1" count="0" type="cond" truecount="0" falsecount="1"/>
        <line num="2" count="0" type="stmt"/>
        <line num="3" count="0" type="stmt"/>
        <line num="4" count="0" type="stmt"/>
        <line num="5" count="0" type="stmt"/>
        <line num="6" count="0" type="stmt"/>
        <line num="7" count="0" type="stmt"/>
        <line num="9" count="0" type="stmt"/>
        <line num="10" count="0" type="stmt"/>
        <line num="11" count="0" type="stmt"/>
        <line num="12" count="0" type="stmt"/>
        <line num="13" count="0" type="stmt"/>
        <line num="14" count="0" type="stmt"/>
        <line num="15" count="0" type="stmt"/>
        <line num="16" count="0" type="stmt"/>
        <line num="17" count="0" type="stmt"/>
        <line num="18" count="0" type="stmt"/>
        <line num="19" count="0" type="stmt"/>
        <line num="20" count="0" type="stmt"/>
        <line num="21" count="0" type="stmt"/>
        <line num="22" count="0" type="stmt"/>
        <line num="23" count="0" type="stmt"/>
        <line num="24" count="0" type="stmt"/>
        <line num="25" count="0" type="stmt"/>
        <line num="26" count="0" type="stmt"/>
        <line num="27" count="0" type="stmt"/>
        <line num="28" count="0" type="stmt"/>
        <line num="29" count="0" type="stmt"/>
        <line num="30" count="0" type="stmt"/>
        <line num="31" count="0" type="stmt"/>
        <line num="32" count="0" type="stmt"/>
        <line num="33" count="0" type="stmt"/>
        <line num="34" count="0" type="stmt"/>
        <line num="35" count="0" type="stmt"/>
        <line num="36" count="0" type="stmt"/>
        <line num="37" count="0" type="stmt"/>
        <line num="38" count="0" type="stmt"/>
        <line num="39" count="0" type="stmt"/>
        <line num="40" count="0" type="stmt"/>
        <line num="41" count="0" type="stmt"/>
        <line num="42" count="0" type="stmt"/>
        <line num="43" count="0" type="stmt"/>
        <line num="44" count="0" type="stmt"/>
        <line num="45" count="0" type="stmt"/>
        <line num="46" count="0" type="stmt"/>
        <line num="47" count="0" type="stmt"/>
        <line num="48" count="0" type="stmt"/>
        <line num="49" count="0" type="stmt"/>
        <line num="50" count="0" type="stmt"/>
        <line num="51" count="0" type="stmt"/>
        <line num="52" count="0" type="stmt"/>
        <line num="53" count="0" type="stmt"/>
        <line num="54" count="0" type="stmt"/>
        <line num="55" count="0" type="stmt"/>
        <line num="56" count="0" type="stmt"/>
        <line num="57" count="0" type="stmt"/>
        <line num="58" count="0" type="stmt"/>
        <line num="59" count="0" type="stmt"/>
        <line num="60" count="0" type="stmt"/>
        <line num="61" count="0" type="stmt"/>
        <line num="62" count="0" type="stmt"/>
        <line num="63" count="0" type="stmt"/>
        <line num="64" count="0" type="stmt"/>
        <line num="65" count="0" type="stmt"/>
        <line num="66" count="0" type="stmt"/>
        <line num="67" count="0" type="stmt"/>
        <line num="68" count="0" type="stmt"/>
        <line num="69" count="0" type="stmt"/>
        <line num="70" count="0" type="stmt"/>
        <line num="71" count="0" type="stmt"/>
        <line num="72" count="0" type="stmt"/>
        <line num="73" count="0" type="stmt"/>
        <line num="74" count="0" type="stmt"/>
        <line num="75" count="0" type="stmt"/>
        <line num="76" count="0" type="stmt"/>
        <line num="77" count="0" type="stmt"/>
        <line num="78" count="0" type="stmt"/>
        <line num="79" count="0" type="stmt"/>
        <line num="80" count="0" type="stmt"/>
        <line num="81" count="0" type="stmt"/>
        <line num="82" count="0" type="stmt"/>
        <line num="83" count="0" type="stmt"/>
        <line num="84" count="0" type="stmt"/>
        <line num="85" count="0" type="stmt"/>
        <line num="86" count="0" type="stmt"/>
        <line num="87" count="0" type="stmt"/>
        <line num="88" count="0" type="stmt"/>
        <line num="89" count="0" type="stmt"/>
        <line num="90" count="0" type="stmt"/>
      </file>
    </package>
    <package name="taro.scripts">
      <metrics statements="329" coveredstatements="0" conditionals="5" coveredconditionals="0" methods="5" coveredmethods="0"/>
      <file name="build-claude.js" path="/Users/michaelgichia/workspace/taro/scripts/build-claude.js">
        <metrics statements="38" coveredstatements="0" conditionals="1" coveredconditionals="0" methods="1" coveredmethods="0"/>
        <line num="1" count="0" type="cond" truecount="0" falsecount="1"/>
        <line num="3" count="0" type="stmt"/>
        <line num="4" count="0" type="stmt"/>
        <line num="5" count="0" type="stmt"/>
        <line num="6" count="0" type="stmt"/>
        <line num="7" count="0" type="stmt"/>
        <line num="9" count="0" type="stmt"/>
        <line num="10" count="0" type="stmt"/>
        <line num="11" count="0" type="stmt"/>
        <line num="12" count="0" type="stmt"/>
        <line num="13" count="0" type="stmt"/>
        <line num="14" count="0" type="stmt"/>
        <line num="15" count="0" type="stmt"/>
        <line num="16" count="0" type="stmt"/>
        <line num="17" count="0" type="stmt"/>
        <line num="19" count="0" type="stmt"/>
        <line num="20" count="0" type="stmt"/>
        <line num="21" count="0" type="stmt"/>
        <line num="22" count="0" type="stmt"/>
        <line num="23" count="0" type="stmt"/>
        <line num="24" count="0" type="stmt"/>
        <line num="26" count="0" type="stmt"/>
        <line num="27" count="0" type="stmt"/>
        <line num="28" count="0" type="stmt"/>
        <line num="29" count="0" type="stmt"/>
        <line num="31" count="0" type="stmt"/>
        <line num="32" count="0" type="stmt"/>
        <line num="33" count="0" type="stmt"/>
        <line num="34" count="0" type="stmt"/>
        <line num="36" count="0" type="stmt"/>
        <line num="37" count="0" type="stmt"/>
        <line num="39" count="0" type="stmt"/>
        <line num="40" count="0" type="stmt"/>
        <line num="41" count="0" type="stmt"/>
        <line num="42" count="0" type="stmt"/>
        <line num="44" count="0" type="stmt"/>
        <line num="45" count="0" type="stmt"/>
        <line num="47" count="0" type="stmt"/>
      </file>
      <file name="build-codex.js" path="/Users/michaelgichia/workspace/taro/scripts/build-codex.js">
        <metrics statements="94" coveredstatements="0" conditionals="1" coveredconditionals="0" methods="1" coveredmethods="0"/>
        <line num="1" count="0" type="cond" truecount="0" falsecount="1"/>
        <line num="3" count="0" type="stmt"/>
        <line num="4" count="0" type="stmt"/>
        <line num="5" count="0" type="stmt"/>
        <line num="6" count="0" type="stmt"/>
        <line num="7" count="0" type="stmt"/>
        <line num="9" count="0" type="stmt"/>
        <line num="10" count="0" type="stmt"/>
        <line num="11" count="0" type="stmt"/>
        <line num="12" count="0" type="stmt"/>
        <line num="13" count="0" type="stmt"/>
        <line num="14" count="0" type="stmt"/>
        <line num="15" count="0" type="stmt"/>
        <line num="16" count="0" type="stmt"/>
        <line num="17" count="0" type="stmt"/>
        <line num="18" count="0" type="stmt"/>
        <line num="19" count="0" type="stmt"/>
        <line num="20" count="0" type="stmt"/>
        <line num="21" count="0" type="stmt"/>
        <line num="22" count="0" type="stmt"/>
        <line num="23" count="0" type="stmt"/>
        <line num="24" count="0" type="stmt"/>
        <line num="25" count="0" type="stmt"/>
        <line num="26" count="0" type="stmt"/>
        <line num="27" count="0" type="stmt"/>
        <line num="28" count="0" type="stmt"/>
        <line num="29" count="0" type="stmt"/>
        <line num="30" count="0" type="stmt"/>
        <line num="31" count="0" type="stmt"/>
        <line num="33" count="0" type="stmt"/>
        <line num="34" count="0" type="stmt"/>
        <line num="35" count="0" type="stmt"/>
        <line num="36" count="0" type="stmt"/>
        <line num="37" count="0" type="stmt"/>
        <line num="38" count="0" type="stmt"/>
        <line num="40" count="0" type="stmt"/>
        <line num="41" count="0" type="stmt"/>
        <line num="42" count="0" type="stmt"/>
        <line num="43" count="0" type="stmt"/>
        <line num="45" count="0" type="stmt"/>
        <line num="46" count="0" type="stmt"/>
        <line num="47" count="0" type="stmt"/>
        <line num="49" count="0" type="stmt"/>
        <line num="50" count="0" type="stmt"/>
        <line num="51" count="0" type="stmt"/>
        <line num="52" count="0" type="stmt"/>
        <line num="53" count="0" type="stmt"/>
        <line num="54" count="0" type="stmt"/>
        <line num="55" count="0" type="stmt"/>
        <line num="56" count="0" type="stmt"/>
        <line num="57" count="0" type="stmt"/>
        <line num="59" count="0" type="stmt"/>
        <line num="60" count="0" type="stmt"/>
        <line num="61" count="0" type="stmt"/>
        <line num="63" count="0" type="stmt"/>
        <line num="64" count="0" type="stmt"/>
        <line num="65" count="0" type="stmt"/>
        <line num="66" count="0" type="stmt"/>
        <line num="67" count="0" type="stmt"/>
        <line num="68" count="0" type="stmt"/>
        <line num="69" count="0" type="stmt"/>
        <line num="70" count="0" type="stmt"/>
        <line num="71" count="0" type="stmt"/>
        <line num="72" count="0" type="stmt"/>
        <line num="73" count="0" type="stmt"/>
        <line num="74" count="0" type="stmt"/>
        <line num="75" count="0" type="stmt"/>
        <line num="76" count="0" type="stmt"/>
        <line num="77" count="0" type="stmt"/>
        <line num="78" count="0" type="stmt"/>
        <line num="80" count="0" type="stmt"/>
        <line num="81" count="0" type="stmt"/>
        <line num="83" count="0" type="stmt"/>
        <line num="85" count="0" type="stmt"/>
        <line num="86" count="0" type="stmt"/>
        <line num="87" count="0" type="stmt"/>
        <line num="88" count="0" type="stmt"/>
        <line num="90" count="0" type="stmt"/>
        <line num="91" count="0" type="stmt"/>
        <line num="92" count="0" type="stmt"/>
        <line num="93" count="0" type="stmt"/>
        <line num="94" count="0" type="stmt"/>
        <line num="95" count="0" type="stmt"/>
        <line num="96" count="0" type="stmt"/>
        <line num="97" count="0" type="stmt"/>
        <line num="98" count="0" type="stmt"/>
        <line num="99" count="0" type="stmt"/>
        <line num="100" count="0" type="stmt"/>
        <line num="101" count="0" type="stmt"/>
        <line num="102" count="0" type="stmt"/>
        <line num="103" count="0" type="stmt"/>
        <line num="105" count="0" type="stmt"/>
        <line num="106" count="0" type="stmt"/>
        <line num="108" count="0" type="stmt"/>
      </file>
      <file name="build-hooks.js" path="/Users/michaelgichia/workspace/taro/scripts/build-hooks.js">
        <metrics statements="21" coveredstatements="0" conditionals="1" coveredconditionals="0" methods="1" coveredmethods="0"/>
        <line num="1" count="0" type="cond" truecount="0" falsecount="1"/>
        <line num="3" count="0" type="stmt"/>
        <line num="4" count="0" type="stmt"/>
        <line num="6" count="0" type="stmt"/>
        <line num="7" count="0" type="stmt"/>
        <line num="8" count="0" type="stmt"/>
        <line num="9" count="0" type="stmt"/>
        <line num="10" count="0" type="stmt"/>
        <line num="11" count="0" type="stmt"/>
        <line num="12" count="0" type="stmt"/>
        <line num="13" count="0" type="stmt"/>
        <line num="14" count="0" type="stmt"/>
        <line num="15" count="0" type="stmt"/>
        <line num="16" count="0" type="stmt"/>
        <line num="17" count="0" type="stmt"/>
        <line num="18" count="0" type="stmt"/>
        <line num="19" count="0" type="stmt"/>
        <line num="21" count="0" type="stmt"/>
        <line num="22" count="0" type="stmt"/>
        <line num="23" count="0" type="stmt"/>
        <line num="25" count="0" type="stmt"/>
      </file>
      <file name="generate-changelog.cjs" path="/Users/michaelgichia/workspace/taro/scripts/generate-changelog.cjs">
        <metrics statements="163" coveredstatements="0" conditionals="1" coveredconditionals="0" methods="1" coveredmethods="0"/>
        <line num="1" count="0" type="cond" truecount="0" falsecount="1"/>
        <line num="3" count="0" type="stmt"/>
        <line num="4" count="0" type="stmt"/>
        <line num="5" count="0" type="stmt"/>
        <line num="7" count="0" type="stmt"/>
        <line num="8" count="0" type="stmt"/>
        <line num="9" count="0" type="stmt"/>
        <line num="10" count="0" type="stmt"/>
        <line num="11" count="0" type="stmt"/>
        <line num="12" count="0" type="stmt"/>
        <line num="13" count="0" type="stmt"/>
        <line num="15" count="0" type="stmt"/>
        <line num="16" count="0" type="stmt"/>
        <line num="17" count="0" type="stmt"/>
        <line num="18" count="0" type="stmt"/>
        <line num="19" count="0" type="stmt"/>
        <line num="20" count="0" type="stmt"/>
        <line num="21" count="0" type="stmt"/>
        <line num="23" count="0" type="stmt"/>
        <line num="24" count="0" type="stmt"/>
        <line num="25" count="0" type="stmt"/>
        <line num="26" count="0" type="stmt"/>
        <line num="27" count="0" type="stmt"/>
        <line num="29" count="0" type="stmt"/>
        <line num="30" count="0" type="stmt"/>
        <line num="32" count="0" type="stmt"/>
        <line num="33" count="0" type="stmt"/>
        <line num="34" count="0" type="stmt"/>
        <line num="35" count="0" type="stmt"/>
        <line num="36" count="0" type="stmt"/>
        <line num="38" count="0" type="stmt"/>
        <line num="39" count="0" type="stmt"/>
        <line num="41" count="0" type="stmt"/>
        <line num="42" count="0" type="stmt"/>
        <line num="43" count="0" type="stmt"/>
        <line num="44" count="0" type="stmt"/>
        <line num="45" count="0" type="stmt"/>
        <line num="46" count="0" type="stmt"/>
        <line num="47" count="0" type="stmt"/>
        <line num="48" count="0" type="stmt"/>
        <line num="50" count="0" type="stmt"/>
        <line num="51" count="0" type="stmt"/>
        <line num="53" count="0" type="stmt"/>
        <line num="54" count="0" type="stmt"/>
        <line num="55" count="0" type="stmt"/>
        <line num="56" count="0" type="stmt"/>
        <line num="57" count="0" type="stmt"/>
        <line num="59" count="0" type="stmt"/>
        <line num="60" count="0" type="stmt"/>
        <line num="62" count="0" type="stmt"/>
        <line num="63" count="0" type="stmt"/>
        <line num="64" count="0" type="stmt"/>
        <line num="65" count="0" type="stmt"/>
        <line num="66" count="0" type="stmt"/>
        <line num="67" count="0" type="stmt"/>
        <line num="68" count="0" type="stmt"/>
        <line num="69" count="0" type="stmt"/>
        <line num="70" count="0" type="stmt"/>
        <line num="71" count="0" type="stmt"/>
        <line num="73" count="0" type="stmt"/>
        <line num="74" count="0" type="stmt"/>
        <line num="75" count="0" type="stmt"/>
        <line num="76" count="0" type="stmt"/>
        <line num="77" count="0" type="stmt"/>
        <line num="78" count="0" type="stmt"/>
        <line num="80" count="0" type="stmt"/>
        <line num="81" count="0" type="stmt"/>
        <line num="82" count="0" type="stmt"/>
        <line num="83" count="0" type="stmt"/>
        <line num="84" count="0" type="stmt"/>
        <line num="85" count="0" type="stmt"/>
        <line num="87" count="0" type="stmt"/>
        <line num="88" count="0" type="stmt"/>
        <line num="89" count="0" type="stmt"/>
        <line num="90" count="0" type="stmt"/>
        <line num="91" count="0" type="stmt"/>
        <line num="92" count="0" type="stmt"/>
        <line num="93" count="0" type="stmt"/>
        <line num="95" count="0" type="stmt"/>
        <line num="96" count="0" type="stmt"/>
        <line num="97" count="0" type="stmt"/>
        <line num="99" count="0" type="stmt"/>
        <line num="100" count="0" type="stmt"/>
        <line num="101" count="0" type="stmt"/>
        <line num="102" count="0" type="stmt"/>
        <line num="103" count="0" type="stmt"/>
        <line num="105" count="0" type="stmt"/>
        <line num="106" count="0" type="stmt"/>
        <line num="107" count="0" type="stmt"/>
        <line num="108" count="0" type="stmt"/>
        <line num="110" count="0" type="stmt"/>
        <line num="111" count="0" type="stmt"/>
        <line num="113" count="0" type="stmt"/>
        <line num="114" count="0" type="stmt"/>
        <line num="115" count="0" type="stmt"/>
        <line num="116" count="0" type="stmt"/>
        <line num="118" count="0" type="stmt"/>
        <line num="119" count="0" type="stmt"/>
        <line num="120" count="0" type="stmt"/>
        <line num="121" count="0" type="stmt"/>
        <line num="122" count="0" type="stmt"/>
        <line num="124" count="0" type="stmt"/>
        <line num="125" count="0" type="stmt"/>
        <line num="127" count="0" type="stmt"/>
        <line num="128" count="0" type="stmt"/>
        <line num="129" count="0" type="stmt"/>
        <line num="131" count="0" type="stmt"/>
        <line num="132" count="0" type="stmt"/>
        <line num="133" count="0" type="stmt"/>
        <line num="134" count="0" type="stmt"/>
        <line num="135" count="0" type="stmt"/>
        <line num="137" count="0" type="stmt"/>
        <line num="138" count="0" type="stmt"/>
        <line num="139" count="0" type="stmt"/>
        <line num="140" count="0" type="stmt"/>
        <line num="142" count="0" type="stmt"/>
        <line num="143" count="0" type="stmt"/>
        <line num="144" count="0" type="stmt"/>
        <line num="145" count="0" type="stmt"/>
        <line num="146" count="0" type="stmt"/>
        <line num="147" count="0" type="stmt"/>
        <line num="148" count="0" type="stmt"/>
        <line num="150" count="0" type="stmt"/>
        <line num="151" count="0" type="stmt"/>
        <line num="152" count="0" type="stmt"/>
        <line num="153" count="0" type="stmt"/>
        <line num="154" count="0" type="stmt"/>
        <line num="156" count="0" type="stmt"/>
        <line num="157" count="0" type="stmt"/>
        <line num="158" count="0" type="stmt"/>
        <line num="159" count="0" type="stmt"/>
        <line num="160" count="0" type="stmt"/>
        <line num="161" count="0" type="stmt"/>
        <line num="162" count="0" type="stmt"/>
        <line num="163" count="0" type="stmt"/>
        <line num="165" count="0" type="stmt"/>
        <line num="166" count="0" type="stmt"/>
        <line num="167" count="0" type="stmt"/>
        <line num="169" count="0" type="stmt"/>
        <line num="170" count="0" type="stmt"/>
        <line num="172" count="0" type="stmt"/>
        <line num="173" count="0" type="stmt"/>
        <line num="174" count="0" type="stmt"/>
        <line num="175" count="0" type="stmt"/>
        <line num="176" count="0" type="stmt"/>
        <line num="177" count="0" type="stmt"/>
        <line num="178" count="0" type="stmt"/>
        <line num="179" count="0" type="stmt"/>
        <line num="181" count="0" type="stmt"/>
        <line num="183" count="0" type="stmt"/>
        <line num="184" count="0" type="stmt"/>
        <line num="185" count="0" type="stmt"/>
        <line num="186" count="0" type="stmt"/>
        <line num="188" count="0" type="stmt"/>
        <line num="189" count="0" type="stmt"/>
        <line num="190" count="0" type="stmt"/>
        <line num="191" count="0" type="stmt"/>
        <line num="192" count="0" type="stmt"/>
        <line num="193" count="0" type="stmt"/>
        <line num="194" count="0" type="stmt"/>
        <line num="195" count="0" type="stmt"/>
        <line num="196" count="0" type="stmt"/>
        <line num="197" count="0" type="stmt"/>
      </file>
      <file name="run-tests.cjs" path="/Users/michaelgichia/workspace/taro/scripts/run-tests.cjs">
        <metrics statements="13" coveredstatements="0" conditionals="1" coveredconditionals="0" methods="1" coveredmethods="0"/>
        <line num="1" count="0" type="cond" truecount="0" falsecount="1"/>
        <line num="3" count="0" type="stmt"/>
        <line num="4" count="0" type="stmt"/>
        <line num="6" count="0" type="stmt"/>
        <line num="7" count="0" type="stmt"/>
        <line num="8" count="0" type="stmt"/>
        <line num="9" count="0" type="stmt"/>
        <line num="10" count="0" type="stmt"/>
        <line num="11" count="0" type="stmt"/>
        <line num="13" count="0" type="stmt"/>
        <line num="14" count="0" type="stmt"/>
        <line num="15" count="0" type="stmt"/>
        <line num="17" count="0" type="stmt"/>
      </file>
    </package>
    <package name="taro.src">
      <metrics statements="80" coveredstatements="33" conditionals="10" coveredconditionals="10" methods="10" coveredmethods="8"/>
      <file name="constant.ts" path="/Users/michaelgichia/workspace/taro/src/constant.ts">
        <metrics statements="0" coveredstatements="0" conditionals="1" coveredconditionals="1" methods="1" coveredmethods="1"/>
      </file>
      <file name="index.ts" path="/Users/michaelgichia/workspace/taro/src/index.ts">
        <metrics statements="35" coveredstatements="0" conditionals="1" coveredconditionals="1" methods="1" coveredmethods="1"/>
        <line num="8" count="0" type="stmt"/>
        <line num="9" count="0" type="stmt"/>
        <line num="11" count="0" type="stmt"/>
        <line num="12" count="0" type="stmt"/>
        <line num="13" count="0" type="stmt"/>
        <line num="18" count="0" type="stmt"/>
        <line num="19" count="0" type="stmt"/>
        <line num="21" count="0" type="stmt"/>
        <line num="23" count="0" type="stmt"/>
        <line num="25" count="0" type="stmt"/>
        <line num="26" count="0" type="stmt"/>
        <line num="27" count="0" type="stmt"/>
        <line num="28" count="0" type="stmt"/>
        <line num="29" count="0" type="stmt"/>
        <line num="30" count="0" type="stmt"/>
        <line num="31" count="0" type="stmt"/>
        <line num="32" count="0" type="stmt"/>
        <line num="34" count="0" type="stmt"/>
        <line num="35" count="0" type="stmt"/>
        <line num="36" count="0" type="stmt"/>
        <line num="37" count="0" type="stmt"/>
        <line num="38" count="0" type="stmt"/>
        <line num="39" count="0" type="stmt"/>
        <line num="40" count="0" type="stmt"/>
        <line num="41" count="0" type="stmt"/>
        <line num="42" count="0" type="stmt"/>
        <line num="43" count="0" type="stmt"/>
        <line num="44" count="0" type="stmt"/>
        <line num="45" count="0" type="stmt"/>
        <line num="46" count="0" type="stmt"/>
        <line num="47" count="0" type="stmt"/>
        <line num="49" count="0" type="stmt"/>
        <line num="50" count="0" type="stmt"/>
        <line num="51" count="0" type="stmt"/>
        <line num="52" count="0" type="stmt"/>
      </file>
      <file name="project-state.ts" path="/Users/michaelgichia/workspace/taro/src/project-state.ts">
        <metrics statements="44" coveredstatements="32" conditionals="6" coveredconditionals="6" methods="6" coveredmethods="4"/>
        <line num="1" count="1" type="stmt"/>
        <line num="2" count="1" type="stmt"/>
        <line num="3" count="1" type="stmt"/>
        <line num="5" count="1" type="stmt"/>
        <line num="7" count="1" type="cond" truecount="1" falsecount="0"/>
        <line num="8" count="163" type="stmt"/>
        <line num="9" count="163" type="stmt"/>
        <line num="11" count="1" type="cond" truecount="1" falsecount="0"/>
        <line num="12" count="138" type="stmt"/>
        <line num="13" count="138" type="stmt"/>
        <line num="14" count="138" type="stmt"/>
        <line num="15" count="138" type="stmt"/>
        <line num="16" count="138" type="stmt"/>
        <line num="18" count="25" type="cond" truecount="1" falsecount="0"/>
        <line num="19" count="25" type="stmt"/>
        <line num="20" count="25" type="stmt"/>
        <line num="21" count="25" type="stmt"/>
        <line num="22" count="25" type="stmt"/>
        <line num="24" count="1" type="stmt"/>
        <line num="25" count="0" type="stmt"/>
        <line num="26" count="0" type="stmt"/>
        <line num="27" count="0" type="stmt"/>
        <line num="28" count="0" type="stmt"/>
        <line num="29" count="0" type="stmt"/>
        <line num="30" count="0" type="stmt"/>
        <line num="32" count="94" type="cond" truecount="1" falsecount="0"/>
        <line num="33" count="94" type="stmt"/>
        <line num="34" count="94" type="stmt"/>
        <line num="35" count="94" type="stmt"/>
        <line num="36" count="94" type="stmt"/>
        <line num="37" count="94" type="stmt"/>
        <line num="38" count="94" type="cond" truecount="1" falsecount="0"/>
        <line num="39" count="13" type="stmt"/>
        <line num="40" count="94" type="cond" truecount="1" falsecount="0"/>
        <line num="41" count="81" type="stmt"/>
        <line num="42" count="81" type="stmt"/>
        <line num="43" count="94" type="stmt"/>
        <line num="45" count="1" type="stmt"/>
        <line num="46" count="0" type="stmt"/>
        <line num="47" count="0" type="stmt"/>
        <line num="48" count="0" type="stmt"/>
        <line num="49" count="0" type="stmt"/>
        <line num="50" count="0" type="stmt"/>
        <line num="51" count="0" type="stmt"/>
      </file>
      <file name="types.ts" path="/Users/michaelgichia/workspace/taro/src/types.ts">
        <metrics statements="0" coveredstatements="0" conditionals="1" coveredconditionals="1" methods="1" coveredmethods="1"/>
      </file>
      <file name="utils.ts" path="/Users/michaelgichia/workspace/taro/src/utils.ts">
        <metrics statements="0" coveredstatements="0" conditionals="1" coveredconditionals="1" methods="1" coveredmethods="1"/>
      </file>
      <file name="version.ts" path="/Users/michaelgichia/workspace/taro/src/version.ts">
        <metrics statements="1" coveredstatements="1" conditionals="0" coveredconditionals="0" methods="0" coveredmethods="0"/>
        <line num="1" count="1" type="stmt"/>
      </file>
    </package>
    <package name="taro.src.analyzer">
      <metrics statements="0" coveredstatements="0" conditionals="3" coveredconditionals="3" methods="3" coveredmethods="3"/>
      <file name="constant.ts" path="/Users/michaelgichia/workspace/taro/src/analyzer/constant.ts">
        <metrics statements="0" coveredstatements="0" conditionals="1" coveredconditionals="1" methods="1" coveredmethods="1"/>
      </file>
      <file name="types.ts" path="/Users/michaelgichia/workspace/taro/src/analyzer/types.ts">
        <metrics statements="0" coveredstatements="0" conditionals="1" coveredconditionals="1" methods="1" coveredmethods="1"/>
      </file>
      <file name="utils.ts" path="/Users/michaelgichia/workspace/taro/src/analyzer/utils.ts">
        <metrics statements="0" coveredstatements="0" conditionals="1" coveredconditionals="1" methods="1" coveredmethods="1"/>
      </file>
    </package>
    <package name="taro.src.analyzer.mocks">
      <metrics statements="450" coveredstatements="0" conditionals="5" coveredconditionals="5" methods="5" coveredmethods="5"/>
      <file name="constant.ts" path="/Users/michaelgichia/workspace/taro/src/analyzer/mocks/constant.ts">
        <metrics statements="0" coveredstatements="0" conditionals="1" coveredconditionals="1" methods="1" coveredmethods="1"/>
      </file>
      <file name="detector.ts" path="/Users/michaelgichia/workspace/taro/src/analyzer/mocks/detector.ts">
        <metrics statements="199" coveredstatements="0" conditionals="1" coveredconditionals="1" methods="1" coveredmethods="1"/>
        <line num="38" count="0" type="stmt"/>
        <line num="39" count="0" type="stmt"/>
        <line num="40" count="0" type="stmt"/>
        <line num="41" count="0" type="stmt"/>
        <line num="42" count="0" type="stmt"/>
        <line num="43" count="0" type="stmt"/>
        <line num="44" count="0" type="stmt"/>
        <line num="45" count="0" type="stmt"/>
        <line num="46" count="0" type="stmt"/>
        <line num="47" count="0" type="stmt"/>
        <line num="48" count="0" type="stmt"/>
        <line num="49" count="0" type="stmt"/>
        <line num="50" count="0" type="stmt"/>
        <line num="51" count="0" type="stmt"/>
        <line num="52" count="0" type="stmt"/>
        <line num="53" count="0" type="stmt"/>
        <line num="54" count="0" type="stmt"/>
        <line num="55" count="0" type="stmt"/>
        <line num="56" count="0" type="stmt"/>
        <line num="61" count="0" type="stmt"/>
        <line num="62" count="0" type="stmt"/>
        <line num="63" count="0" type="stmt"/>
        <line num="64" count="0" type="stmt"/>
        <line num="65" count="0" type="stmt"/>
        <line num="66" count="0" type="stmt"/>
        <line num="67" count="0" type="stmt"/>
        <line num="68" count="0" type="stmt"/>
        <line num="69" count="0" type="stmt"/>
        <line num="74" count="0" type="stmt"/>
        <line num="75" count="0" type="stmt"/>
        <line num="76" count="0" type="stmt"/>
        <line num="77" count="0" type="stmt"/>
        <line num="78" count="0" type="stmt"/>
        <line num="79" count="0" type="stmt"/>
        <line num="80" count="0" type="stmt"/>
        <line num="81" count="0" type="stmt"/>
        <line num="87" count="0" type="stmt"/>
        <line num="88" count="0" type="stmt"/>
        <line num="90" count="0" type="stmt"/>
        <line num="92" count="0" type="stmt"/>
        <line num="93" count="0" type="stmt"/>
        <line num="94" count="0" type="stmt"/>
        <line num="96" count="0" type="stmt"/>
        <line num="97" count="0" type="stmt"/>
        <line num="99" count="0" type="stmt"/>
        <line num="100" count="0" type="stmt"/>
        <line num="101" count="0" type="stmt"/>
        <line num="102" count="0" type="stmt"/>
        <line num="103" count="0" type="stmt"/>
        <line num="104" count="0" type="stmt"/>
        <line num="105" count="0" type="stmt"/>
        <line num="106" count="0" type="stmt"/>
        <line num="107" count="0" type="stmt"/>
        <line num="110" count="0" type="stmt"/>
        <line num="111" count="0" type="stmt"/>
        <line num="112" count="0" type="stmt"/>
        <line num="113" count="0" type="stmt"/>
        <line num="114" count="0" type="stmt"/>
        <line num="115" count="0" type="stmt"/>
        <line num="116" count="0" type="stmt"/>
        <line num="117" count="0" type="stmt"/>
        <line num="118" count="0" type="stmt"/>
        <line num="119" count="0" type="stmt"/>
        <line num="120" count="0" type="stmt"/>
        <line num="122" count="0" type="stmt"/>
        <line num="123" count="0" type="stmt"/>
        <line num="128" count="0" type="stmt"/>
        <line num="129" count="0" type="stmt"/>
        <line num="131" count="0" type="stmt"/>
        <line num="132" count="0" type="stmt"/>
        <line num="134" count="0" type="stmt"/>
        <line num="135" count="0" type="stmt"/>
        <line num="136" count="0" type="stmt"/>
        <line num="139" count="0" type="stmt"/>
        <line num="140" count="0" type="stmt"/>
        <line num="141" count="0" type="stmt"/>
        <line num="142" count="0" type="stmt"/>
        <line num="143" count="0" type="stmt"/>
        <line num="144" count="0" type="stmt"/>
        <line num="145" count="0" type="stmt"/>
        <line num="146" count="0" type="stmt"/>
        <line num="147" count="0" type="stmt"/>
        <line num="148" count="0" type="stmt"/>
        <line num="149" count="0" type="stmt"/>
        <line num="150" count="0" type="stmt"/>
        <line num="151" count="0" type="stmt"/>
        <line num="152" count="0" type="stmt"/>
        <line num="155" count="0" type="stmt"/>
        <line num="156" count="0" type="stmt"/>
        <line num="157" count="0" type="stmt"/>
        <line num="158" count="0" type="stmt"/>
        <line num="159" count="0" type="stmt"/>
        <line num="160" count="0" type="stmt"/>
        <line num="161" count="0" type="stmt"/>
        <line num="162" count="0" type="stmt"/>
        <line num="163" count="0" type="stmt"/>
        <line num="164" count="0" type="stmt"/>
        <line num="165" count="0" type="stmt"/>
        <line num="168" count="0" type="stmt"/>
        <line num="169" count="0" type="stmt"/>
        <line num="170" count="0" type="stmt"/>
        <line num="171" count="0" type="stmt"/>
        <line num="172" count="0" type="stmt"/>
        <line num="173" count="0" type="stmt"/>
        <line num="174" count="0" type="stmt"/>
        <line num="175" count="0" type="stmt"/>
        <line num="176" count="0" type="stmt"/>
        <line num="177" count="0" type="stmt"/>
        <line num="178" count="0" type="stmt"/>
        <line num="179" count="0" type="stmt"/>
        <line num="180" count="0" type="stmt"/>
        <line num="181" count="0" type="stmt"/>
        <line num="182" count="0" type="stmt"/>
        <line num="183" count="0" type="stmt"/>
        <line num="185" count="0" type="stmt"/>
        <line num="186" count="0" type="stmt"/>
        <line num="191" count="0" type="stmt"/>
        <line num="192" count="0" type="stmt"/>
        <line num="193" count="0" type="stmt"/>
        <line num="194" count="0" type="stmt"/>
        <line num="195" count="0" type="stmt"/>
        <line num="198" count="0" type="stmt"/>
        <line num="199" count="0" type="stmt"/>
        <line num="200" count="0" type="stmt"/>
        <line num="201" count="0" type="stmt"/>
        <line num="204" count="0" type="stmt"/>
        <line num="205" count="0" type="stmt"/>
        <line num="206" count="0" type="stmt"/>
        <line num="207" count="0" type="stmt"/>
        <line num="210" count="0" type="stmt"/>
        <line num="211" count="0" type="stmt"/>
        <line num="212" count="0" type="stmt"/>
        <line num="213" count="0" type="stmt"/>
        <line num="214" count="0" type="stmt"/>
        <line num="215" count="0" type="stmt"/>
        <line num="216" count="0" type="stmt"/>
        <line num="217" count="0" type="stmt"/>
        <line num="218" count="0" type="stmt"/>
        <line num="219" count="0" type="stmt"/>
        <line num="220" count="0" type="stmt"/>
        <line num="222" count="0" type="stmt"/>
        <line num="223" count="0" type="stmt"/>
        <line num="228" count="0" type="stmt"/>
        <line num="229" count="0" type="stmt"/>
        <line num="232" count="0" type="stmt"/>
        <line num="233" count="0" type="stmt"/>
        <line num="238" count="0" type="stmt"/>
        <line num="239" count="0" type="stmt"/>
        <line num="240" count="0" type="stmt"/>
        <line num="241" count="0" type="stmt"/>
        <line num="242" count="0" type="stmt"/>
        <line num="243" count="0" type="stmt"/>
        <line num="248" count="0" type="stmt"/>
        <line num="249" count="0" type="stmt"/>
        <line num="251" count="0" type="stmt"/>
        <line num="252" count="0" type="stmt"/>
        <line num="257" count="0" type="stmt"/>
        <line num="259" count="0" type="stmt"/>
        <line num="260" count="0" type="stmt"/>
        <line num="261" count="0" type="stmt"/>
        <line num="262" count="0" type="stmt"/>
        <line num="265" count="0" type="stmt"/>
        <line num="266" count="0" type="stmt"/>
        <line num="267" count="0" type="stmt"/>
        <line num="268" count="0" type="stmt"/>
        <line num="270" count="0" type="stmt"/>
        <line num="271" count="0" type="stmt"/>
        <line num="276" count="0" type="stmt"/>
        <line num="277" count="0" type="stmt"/>
        <line num="278" count="0" type="stmt"/>
        <line num="279" count="0" type="stmt"/>
        <line num="284" count="0" type="stmt"/>
        <line num="285" count="0" type="stmt"/>
        <line num="286" count="0" type="stmt"/>
        <line num="287" count="0" type="stmt"/>
        <line num="292" count="0" type="stmt"/>
        <line num="293" count="0" type="stmt"/>
        <line num="294" count="0" type="stmt"/>
        <line num="299" count="0" type="stmt"/>
        <line num="300" count="0" type="stmt"/>
        <line num="302" count="0" type="stmt"/>
        <line num="303" count="0" type="stmt"/>
        <line num="304" count="0" type="stmt"/>
        <line num="305" count="0" type="stmt"/>
        <line num="306" count="0" type="stmt"/>
        <line num="307" count="0" type="stmt"/>
        <line num="308" count="0" type="stmt"/>
        <line num="310" count="0" type="stmt"/>
        <line num="311" count="0" type="stmt"/>
        <line num="312" count="0" type="stmt"/>
        <line num="313" count="0" type="stmt"/>
        <line num="314" count="0" type="stmt"/>
        <line num="315" count="0" type="stmt"/>
        <line num="316" count="0" type="stmt"/>
        <line num="317" count="0" type="stmt"/>
        <line num="318" count="0" type="stmt"/>
        <line num="319" count="0" type="stmt"/>
        <line num="321" count="0" type="stmt"/>
        <line num="322" count="0" type="stmt"/>
      </file>
      <file name="target-analyzer.ts" path="/Users/michaelgichia/workspace/taro/src/analyzer/mocks/target-analyzer.ts">
        <metrics statements="251" coveredstatements="0" conditionals="1" coveredconditionals="1" methods="1" coveredmethods="1"/>
        <line num="62" count="0" type="stmt"/>
        <line num="63" count="0" type="stmt"/>
        <line num="64" count="0" type="stmt"/>
        <line num="65" count="0" type="stmt"/>
        <line num="66" count="0" type="stmt"/>
        <line num="67" count="0" type="stmt"/>
        <line num="68" count="0" type="stmt"/>
        <line num="69" count="0" type="stmt"/>
        <line num="72" count="0" type="stmt"/>
        <line num="73" count="0" type="stmt"/>
        <line num="74" count="0" type="stmt"/>
        <line num="75" count="0" type="stmt"/>
        <line num="76" count="0" type="stmt"/>
        <line num="77" count="0" type="stmt"/>
        <line num="78" count="0" type="stmt"/>
        <line num="81" count="0" type="stmt"/>
        <line num="82" count="0" type="stmt"/>
        <line num="83" count="0" type="stmt"/>
        <line num="84" count="0" type="stmt"/>
        <line num="85" count="0" type="stmt"/>
        <line num="86" count="0" type="stmt"/>
        <line num="87" count="0" type="stmt"/>
        <line num="90" count="0" type="stmt"/>
        <line num="91" count="0" type="stmt"/>
        <line num="92" count="0" type="stmt"/>
        <line num="93" count="0" type="stmt"/>
        <line num="94" count="0" type="stmt"/>
        <line num="95" count="0" type="stmt"/>
        <line num="96" count="0" type="stmt"/>
        <line num="99" count="0" type="stmt"/>
        <line num="100" count="0" type="stmt"/>
        <line num="101" count="0" type="stmt"/>
        <line num="102" count="0" type="stmt"/>
        <line num="103" count="0" type="stmt"/>
        <line num="104" count="0" type="stmt"/>
        <line num="105" count="0" type="stmt"/>
        <line num="108" count="0" type="stmt"/>
        <line num="109" count="0" type="stmt"/>
        <line num="110" count="0" type="stmt"/>
        <line num="111" count="0" type="stmt"/>
        <line num="112" count="0" type="stmt"/>
        <line num="113" count="0" type="stmt"/>
        <line num="114" count="0" type="stmt"/>
        <line num="117" count="0" type="stmt"/>
        <line num="118" count="0" type="stmt"/>
        <line num="119" count="0" type="stmt"/>
        <line num="120" count="0" type="stmt"/>
        <line num="121" count="0" type="stmt"/>
        <line num="122" count="0" type="stmt"/>
        <line num="123" count="0" type="stmt"/>
        <line num="125" count="0" type="stmt"/>
        <line num="126" count="0" type="stmt"/>
        <line num="131" count="0" type="stmt"/>
        <line num="132" count="0" type="stmt"/>
        <line num="133" count="0" type="stmt"/>
        <line num="134" count="0" type="stmt"/>
        <line num="135" count="0" type="stmt"/>
        <line num="137" count="0" type="stmt"/>
        <line num="138" count="0" type="stmt"/>
        <line num="141" count="0" type="stmt"/>
        <line num="142" count="0" type="stmt"/>
        <line num="143" count="0" type="stmt"/>
        <line num="144" count="0" type="stmt"/>
        <line num="145" count="0" type="stmt"/>
        <line num="146" count="0" type="stmt"/>
        <line num="149" count="0" type="stmt"/>
        <line num="150" count="0" type="stmt"/>
        <line num="151" count="0" type="stmt"/>
        <line num="152" count="0" type="stmt"/>
        <line num="153" count="0" type="stmt"/>
        <line num="154" count="0" type="stmt"/>
        <line num="157" count="0" type="stmt"/>
        <line num="158" count="0" type="stmt"/>
        <line num="159" count="0" type="stmt"/>
        <line num="160" count="0" type="stmt"/>
        <line num="161" count="0" type="stmt"/>
        <line num="162" count="0" type="stmt"/>
        <line num="165" count="0" type="stmt"/>
        <line num="166" count="0" type="stmt"/>
        <line num="167" count="0" type="stmt"/>
        <line num="168" count="0" type="stmt"/>
        <line num="169" count="0" type="stmt"/>
        <line num="170" count="0" type="stmt"/>
        <line num="173" count="0" type="stmt"/>
        <line num="174" count="0" type="stmt"/>
        <line num="175" count="0" type="stmt"/>
        <line num="176" count="0" type="stmt"/>
        <line num="177" count="0" type="stmt"/>
        <line num="178" count="0" type="stmt"/>
        <line num="181" count="0" type="stmt"/>
        <line num="182" count="0" type="stmt"/>
        <line num="183" count="0" type="stmt"/>
        <line num="184" count="0" type="stmt"/>
        <line num="185" count="0" type="stmt"/>
        <line num="186" count="0" type="stmt"/>
        <line num="187" count="0" type="stmt"/>
        <line num="189" count="0" type="stmt"/>
        <line num="190" count="0" type="stmt"/>
        <line num="195" count="0" type="stmt"/>
        <line num="196" count="0" type="stmt"/>
        <line num="197" count="0" type="stmt"/>
        <line num="198" count="0" type="stmt"/>
        <line num="199" count="0" type="stmt"/>
        <line num="201" count="0" type="stmt"/>
        <line num="202" count="0" type="stmt"/>
        <line num="203" count="0" type="stmt"/>
        <line num="204" count="0" type="stmt"/>
        <line num="205" count="0" type="stmt"/>
        <line num="206" count="0" type="stmt"/>
        <line num="209" count="0" type="stmt"/>
        <line num="211" count="0" type="stmt"/>
        <line num="212" count="0" type="stmt"/>
        <line num="213" count="0" type="stmt"/>
        <line num="215" count="0" type="stmt"/>
        <line num="216" count="0" type="stmt"/>
        <line num="217" count="0" type="stmt"/>
        <line num="219" count="0" type="stmt"/>
        <line num="220" count="0" type="stmt"/>
        <line num="221" count="0" type="stmt"/>
        <line num="222" count="0" type="stmt"/>
        <line num="225" count="0" type="stmt"/>
        <line num="226" count="0" type="stmt"/>
        <line num="227" count="0" type="stmt"/>
        <line num="228" count="0" type="stmt"/>
        <line num="229" count="0" type="stmt"/>
        <line num="230" count="0" type="stmt"/>
        <line num="233" count="0" type="stmt"/>
        <line num="234" count="0" type="stmt"/>
        <line num="235" count="0" type="stmt"/>
        <line num="238" count="0" type="stmt"/>
        <line num="239" count="0" type="stmt"/>
        <line num="244" count="0" type="stmt"/>
        <line num="245" count="0" type="stmt"/>
        <line num="246" count="0" type="stmt"/>
        <line num="247" count="0" type="stmt"/>
        <line num="249" count="0" type="stmt"/>
        <line num="250" count="0" type="stmt"/>
        <line num="251" count="0" type="stmt"/>
        <line num="252" count="0" type="stmt"/>
        <line num="255" count="0" type="stmt"/>
        <line num="256" count="0" type="stmt"/>
        <line num="257" count="0" type="stmt"/>
        <line num="260" count="0" type="stmt"/>
        <line num="261" count="0" type="stmt"/>
        <line num="262" count="0" type="stmt"/>
        <line num="263" count="0" type="stmt"/>
        <line num="266" count="0" type="stmt"/>
        <line num="267" count="0" type="stmt"/>
        <line num="272" count="0" type="stmt"/>
        <line num="273" count="0" type="stmt"/>
        <line num="276" count="0" type="stmt"/>
        <line num="277" count="0" type="stmt"/>
        <line num="278" count="0" type="stmt"/>
        <line num="281" count="0" type="stmt"/>
        <line num="282" count="0" type="stmt"/>
        <line num="283" count="0" type="stmt"/>
        <line num="286" count="0" type="stmt"/>
        <line num="287" count="0" type="stmt"/>
        <line num="288" count="0" type="stmt"/>
        <line num="290" count="0" type="stmt"/>
        <line num="291" count="0" type="stmt"/>
        <line num="296" count="0" type="stmt"/>
        <line num="297" count="0" type="stmt"/>
        <line num="298" count="0" type="stmt"/>
        <line num="299" count="0" type="stmt"/>
        <line num="301" count="0" type="stmt"/>
        <line num="302" count="0" type="stmt"/>
        <line num="303" count="0" type="stmt"/>
        <line num="306" count="0" type="stmt"/>
        <line num="307" count="0" type="stmt"/>
        <line num="309" count="0" type="stmt"/>
        <line num="310" count="0" type="stmt"/>
        <line num="311" count="0" type="stmt"/>
        <line num="312" count="0" type="stmt"/>
        <line num="313" count="0" type="stmt"/>
        <line num="318" count="0" type="stmt"/>
        <line num="319" count="0" type="stmt"/>
        <line num="320" count="0" type="stmt"/>
        <line num="325" count="0" type="stmt"/>
        <line num="326" count="0" type="stmt"/>
        <line num="329" count="0" type="stmt"/>
        <line num="331" count="0" type="stmt"/>
        <line num="332" count="0" type="stmt"/>
        <line num="333" count="0" type="stmt"/>
        <line num="335" count="0" type="stmt"/>
        <line num="336" count="0" type="stmt"/>
        <line num="338" count="0" type="stmt"/>
        <line num="339" count="0" type="stmt"/>
        <line num="340" count="0" type="stmt"/>
        <line num="341" count="0" type="stmt"/>
        <line num="342" count="0" type="stmt"/>
        <line num="343" count="0" type="stmt"/>
        <line num="344" count="0" type="stmt"/>
        <line num="345" count="0" type="stmt"/>
        <line num="346" count="0" type="stmt"/>
        <line num="349" count="0" type="stmt"/>
        <line num="350" count="0" type="stmt"/>
        <line num="351" count="0" type="stmt"/>
        <line num="354" count="0" type="stmt"/>
        <line num="355" count="0" type="stmt"/>
        <line num="356" count="0" type="stmt"/>
        <line num="359" count="0" type="stmt"/>
        <line num="360" count="0" type="stmt"/>
        <line num="361" count="0" type="stmt"/>
        <line num="362" count="0" type="stmt"/>
        <line num="364" count="0" type="stmt"/>
        <line num="365" count="0" type="stmt"/>
        <line num="366" count="0" type="stmt"/>
        <line num="367" count="0" type="stmt"/>
        <line num="368" count="0" type="stmt"/>
        <line num="369" count="0" type="stmt"/>
        <line num="370" count="0" type="stmt"/>
        <line num="371" count="0" type="stmt"/>
        <line num="372" count="0" type="stmt"/>
        <line num="373" count="0" type="stmt"/>
        <line num="374" count="0" type="stmt"/>
        <line num="376" count="0" type="stmt"/>
        <line num="377" count="0" type="stmt"/>
        <line num="382" count="0" type="stmt"/>
        <line num="383" count="0" type="stmt"/>
        <line num="384" count="0" type="stmt"/>
        <line num="385" count="0" type="stmt"/>
        <line num="386" count="0" type="stmt"/>
        <line num="387" count="0" type="stmt"/>
        <line num="388" count="0" type="stmt"/>
        <line num="391" count="0" type="stmt"/>
        <line num="392" count="0" type="stmt"/>
        <line num="393" count="0" type="stmt"/>
        <line num="394" count="0" type="stmt"/>
        <line num="395" count="0" type="stmt"/>
        <line num="396" count="0" type="stmt"/>
        <line num="399" count="0" type="stmt"/>
        <line num="400" count="0" type="stmt"/>
        <line num="401" count="0" type="stmt"/>
        <line num="402" count="0" type="stmt"/>
        <line num="403" count="0" type="stmt"/>
        <line num="404" count="0" type="stmt"/>
        <line num="405" count="0" type="stmt"/>
        <line num="407" count="0" type="stmt"/>
        <line num="408" count="0" type="stmt"/>
        <line num="413" count="0" type="stmt"/>
        <line num="414" count="0" type="stmt"/>
        <line num="415" count="0" type="stmt"/>
        <line num="416" count="0" type="stmt"/>
        <line num="418" count="0" type="stmt"/>
        <line num="419" count="0" type="stmt"/>
        <line num="420" count="0" type="stmt"/>
        <line num="421" count="0" type="stmt"/>
        <line num="422" count="0" type="stmt"/>
        <line num="424" count="0" type="stmt"/>
        <line num="425" count="0" type="stmt"/>
      </file>
      <file name="types.ts" path="/Users/michaelgichia/workspace/taro/src/analyzer/mocks/types.ts">
        <metrics statements="0" coveredstatements="0" conditionals="1" coveredconditionals="1" methods="1" coveredmethods="1"/>
      </file>
      <file name="utils.ts" path="/Users/michaelgichia/workspace/taro/src/analyzer/mocks/utils.ts">
        <metrics statements="0" coveredstatements="0" conditionals="1" coveredconditionals="1" methods="1" coveredmethods="1"/>
      </file>
    </package>
    <package name="taro.src.analyzer.visual">
      <metrics statements="220" coveredstatements="44" conditionals="22" coveredconditionals="13" methods="11" coveredmethods="6"/>
      <file name="constant.ts" path="/Users/michaelgichia/workspace/taro/src/analyzer/visual/constant.ts">
        <metrics statements="0" coveredstatements="0" conditionals="1" coveredconditionals="1" methods="1" coveredmethods="1"/>
      </file>
      <file name="element-analyzer.ts" path="/Users/michaelgichia/workspace/taro/src/analyzer/visual/element-analyzer.ts">
        <metrics statements="149" coveredstatements="33" conditionals="17" coveredconditionals="9" methods="3" coveredmethods="2"/>
        <line num="3" count="1" type="stmt"/>
        <line num="30" count="1" type="cond" truecount="1" falsecount="0"/>
        <line num="31" count="1" type="stmt"/>
        <line num="32" count="1" type="stmt"/>
        <line num="33" count="1" type="stmt"/>
        <line num="34" count="1" type="stmt"/>
        <line num="36" count="1" type="stmt"/>
        <line num="37" count="1" type="stmt"/>
        <line num="38" count="1" type="cond" truecount="0" falsecount="1"/>
        <line num="40" count="0" type="stmt"/>
        <line num="41" count="0" type="stmt"/>
        <line num="44" count="0" type="stmt"/>
        <line num="45" count="0" type="stmt"/>
        <line num="46" count="0" type="stmt"/>
        <line num="47" count="0" type="stmt"/>
        <line num="48" count="1" type="cond" truecount="0" falsecount="1"/>
        <line num="49" count="0" type="stmt"/>
        <line num="52" count="1" type="cond" truecount="0" falsecount="2"/>
        <line num="53" count="0" type="stmt"/>
        <line num="54" count="0" type="stmt"/>
        <line num="55" count="0" type="stmt"/>
        <line num="56" count="0" type="stmt"/>
        <line num="57" count="0" type="stmt"/>
        <line num="58" count="0" type="stmt"/>
        <line num="61" count="0" type="stmt"/>
        <line num="62" count="0" type="stmt"/>
        <line num="63" count="0" type="stmt"/>
        <line num="64" count="0" type="stmt"/>
        <line num="65" count="0" type="stmt"/>
        <line num="66" count="0" type="stmt"/>
        <line num="68" count="0" type="stmt"/>
        <line num="69" count="0" type="stmt"/>
        <line num="70" count="0" type="stmt"/>
        <line num="72" count="0" type="stmt"/>
        <line num="73" count="0" type="stmt"/>
        <line num="74" count="0" type="stmt"/>
        <line num="75" count="0" type="stmt"/>
        <line num="76" count="0" type="stmt"/>
        <line num="77" count="0" type="stmt"/>
        <line num="78" count="0" type="stmt"/>
        <line num="81" count="0" type="stmt"/>
        <line num="82" count="0" type="stmt"/>
        <line num="83" count="0" type="stmt"/>
        <line num="84" count="0" type="stmt"/>
        <line num="85" count="0" type="stmt"/>
        <line num="86" count="0" type="stmt"/>
        <line num="87" count="0" type="stmt"/>
        <line num="90" count="0" type="stmt"/>
        <line num="91" count="0" type="stmt"/>
        <line num="92" count="0" type="stmt"/>
        <line num="94" count="0" type="stmt"/>
        <line num="95" count="0" type="stmt"/>
        <line num="96" count="0" type="stmt"/>
        <line num="97" count="0" type="stmt"/>
        <line num="98" count="0" type="stmt"/>
        <line num="99" count="0" type="stmt"/>
        <line num="100" count="0" type="stmt"/>
        <line num="103" count="0" type="stmt"/>
        <line num="104" count="0" type="stmt"/>
        <line num="105" count="0" type="stmt"/>
        <line num="106" count="0" type="stmt"/>
        <line num="108" count="0" type="stmt"/>
        <line num="109" count="0" type="stmt"/>
        <line num="110" count="0" type="stmt"/>
        <line num="111" count="0" type="stmt"/>
        <line num="112" count="0" type="stmt"/>
        <line num="113" count="0" type="stmt"/>
        <line num="114" count="0" type="stmt"/>
        <line num="115" count="0" type="stmt"/>
        <line num="118" count="0" type="stmt"/>
        <line num="119" count="0" type="stmt"/>
        <line num="120" count="0" type="stmt"/>
        <line num="122" count="0" type="stmt"/>
        <line num="123" count="0" type="stmt"/>
        <line num="124" count="0" type="stmt"/>
        <line num="125" count="0" type="stmt"/>
        <line num="126" count="0" type="stmt"/>
        <line num="127" count="0" type="stmt"/>
        <line num="128" count="0" type="stmt"/>
        <line num="131" count="0" type="stmt"/>
        <line num="132" count="0" type="stmt"/>
        <line num="133" count="0" type="stmt"/>
        <line num="134" count="0" type="stmt"/>
        <line num="135" count="0" type="stmt"/>
        <line num="136" count="0" type="stmt"/>
        <line num="137" count="0" type="stmt"/>
        <line num="140" count="0" type="stmt"/>
        <line num="143" count="0" type="stmt"/>
        <line num="144" count="0" type="stmt"/>
        <line num="145" count="0" type="cond" truecount="0" falsecount="1"/>
        <line num="146" count="0" type="cond" truecount="0" falsecount="1"/>
        <line num="147" count="0" type="cond" truecount="0" falsecount="1"/>
        <line num="148" count="0" type="stmt"/>
        <line num="151" count="1" type="stmt"/>
        <line num="152" count="1" type="cond" truecount="0" falsecount="1"/>
        <line num="153" count="0" type="stmt"/>
        <line num="154" count="0" type="stmt"/>
        <line num="155" count="0" type="stmt"/>
        <line num="156" count="0" type="stmt"/>
        <line num="157" count="1" type="stmt"/>
        <line num="158" count="1" type="stmt"/>
        <line num="159" count="1" type="stmt"/>
        <line num="160" count="1" type="stmt"/>
        <line num="161" count="1" type="stmt"/>
        <line num="168" count="0" type="stmt"/>
        <line num="169" count="0" type="stmt"/>
        <line num="170" count="0" type="stmt"/>
        <line num="171" count="0" type="stmt"/>
        <line num="174" count="0" type="stmt"/>
        <line num="175" count="0" type="stmt"/>
        <line num="176" count="0" type="stmt"/>
        <line num="177" count="0" type="stmt"/>
        <line num="178" count="0" type="stmt"/>
        <line num="180" count="0" type="stmt"/>
        <line num="181" count="0" type="stmt"/>
        <line num="183" count="0" type="stmt"/>
        <line num="184" count="0" type="stmt"/>
        <line num="186" count="0" type="stmt"/>
        <line num="187" count="0" type="stmt"/>
        <line num="188" count="0" type="stmt"/>
        <line num="189" count="0" type="stmt"/>
        <line num="190" count="0" type="stmt"/>
        <line num="191" count="0" type="stmt"/>
        <line num="192" count="0" type="stmt"/>
        <line num="193" count="0" type="stmt"/>
        <line num="194" count="0" type="stmt"/>
        <line num="196" count="0" type="stmt"/>
        <line num="197" count="0" type="stmt"/>
        <line num="198" count="0" type="stmt"/>
        <line num="199" count="0" type="stmt"/>
        <line num="200" count="0" type="stmt"/>
        <line num="201" count="0" type="stmt"/>
        <line num="203" count="0" type="stmt"/>
        <line num="204" count="0" type="stmt"/>
        <line num="211" count="1" type="cond" truecount="1" falsecount="0"/>
        <line num="212" count="4" type="stmt"/>
        <line num="214" count="4" type="cond" truecount="1" falsecount="0"/>
        <line num="215" count="1" type="stmt"/>
        <line num="216" count="1" type="cond" truecount="1" falsecount="0"/>
        <line num="218" count="3" type="stmt"/>
        <line num="220" count="3" type="stmt"/>
        <line num="221" count="3" type="cond" truecount="1" falsecount="0"/>
        <line num="222" count="4" type="cond" truecount="2" falsecount="0"/>
        <line num="223" count="4" type="cond" truecount="2" falsecount="0"/>
        <line num="224" count="3" type="stmt"/>
        <line num="225" count="3" type="stmt"/>
        <line num="226" count="3" type="stmt"/>
        <line num="228" count="3" type="stmt"/>
        <line num="229" count="3" type="stmt"/>
      </file>
      <file name="inspector.ts" path="/Users/michaelgichia/workspace/taro/src/analyzer/visual/inspector.ts">
        <metrics statements="71" coveredstatements="11" conditionals="2" coveredconditionals="1" methods="5" coveredmethods="1"/>
        <line num="1" count="1" type="stmt"/>
        <line num="21" count="0" type="stmt"/>
        <line num="22" count="0" type="stmt"/>
        <line num="23" count="0" type="stmt"/>
        <line num="30" count="0" type="stmt"/>
        <line num="31" count="0" type="stmt"/>
        <line num="32" count="0" type="stmt"/>
        <line num="33" count="0" type="stmt"/>
        <line num="34" count="0" type="stmt"/>
        <line num="35" count="0" type="stmt"/>
        <line num="43" count="1" type="cond" truecount="1" falsecount="0"/>
        <line num="44" count="1" type="stmt"/>
        <line num="45" count="1" type="stmt"/>
        <line num="46" count="1" type="stmt"/>
        <line num="47" count="1" type="stmt"/>
        <line num="48" count="1" type="stmt"/>
        <line num="50" count="1" type="stmt"/>
        <line num="51" count="1" type="stmt"/>
        <line num="52" count="1" type="cond" truecount="0" falsecount="1"/>
        <line num="55" count="0" type="stmt"/>
        <line num="56" count="0" type="stmt"/>
        <line num="57" count="0" type="stmt"/>
        <line num="58" count="0" type="stmt"/>
        <line num="59" count="0" type="stmt"/>
        <line num="62" count="0" type="stmt"/>
        <line num="63" count="0" type="stmt"/>
        <line num="64" count="0" type="stmt"/>
        <line num="65" count="0" type="stmt"/>
        <line num="66" count="0" type="stmt"/>
        <line num="67" count="0" type="stmt"/>
        <line num="68" count="0" type="stmt"/>
        <line num="71" count="0" type="stmt"/>
        <line num="72" count="0" type="stmt"/>
        <line num="73" count="0" type="stmt"/>
        <line num="74" count="0" type="stmt"/>
        <line num="75" count="0" type="stmt"/>
        <line num="77" count="0" type="stmt"/>
        <line num="78" count="0" type="stmt"/>
        <line num="79" count="0" type="stmt"/>
        <line num="80" count="0" type="stmt"/>
        <line num="81" count="0" type="stmt"/>
        <line num="82" count="0" type="stmt"/>
        <line num="83" count="0" type="stmt"/>
        <line num="84" count="0" type="stmt"/>
        <line num="85" count="0" type="stmt"/>
        <line num="86" count="0" type="stmt"/>
        <line num="87" count="0" type="stmt"/>
        <line num="88" count="0" type="stmt"/>
        <line num="90" count="0" type="stmt"/>
        <line num="91" count="0" type="stmt"/>
        <line num="93" count="0" type="stmt"/>
        <line num="94" count="0" type="stmt"/>
        <line num="95" count="1" type="stmt"/>
        <line num="104" count="0" type="stmt"/>
        <line num="105" count="0" type="stmt"/>
        <line num="106" count="0" type="stmt"/>
        <line num="107" count="0" type="stmt"/>
        <line num="108" count="0" type="stmt"/>
        <line num="109" count="0" type="stmt"/>
        <line num="110" count="0" type="stmt"/>
        <line num="111" count="0" type="stmt"/>
        <line num="112" count="0" type="stmt"/>
        <line num="113" count="0" type="stmt"/>
        <line num="114" count="0" type="stmt"/>
        <line num="116" count="0" type="stmt"/>
        <line num="117" count="0" type="stmt"/>
        <line num="118" count="0" type="stmt"/>
        <line num="125" count="0" type="stmt"/>
        <line num="128" count="0" type="stmt"/>
        <line num="129" count="0" type="stmt"/>
        <line num="130" count="0" type="stmt"/>
      </file>
      <file name="types.ts" path="/Users/michaelgichia/workspace/taro/src/analyzer/visual/types.ts">
        <metrics statements="0" coveredstatements="0" conditionals="1" coveredconditionals="1" methods="1" coveredmethods="1"/>
      </file>
      <file name="utils.ts" path="/Users/michaelgichia/workspace/taro/src/analyzer/visual/utils.ts">
        <metrics statements="0" coveredstatements="0" conditionals="1" coveredconditionals="1" methods="1" coveredmethods="1"/>
      </file>
    </package>
    <package name="taro.src.cli">
      <metrics statements="0" coveredstatements="0" conditionals="3" coveredconditionals="3" methods="3" coveredmethods="3"/>
      <file name="constant.ts" path="/Users/michaelgichia/workspace/taro/src/cli/constant.ts">
        <metrics statements="0" coveredstatements="0" conditionals="1" coveredconditionals="1" methods="1" coveredmethods="1"/>
      </file>
      <file name="types.ts" path="/Users/michaelgichia/workspace/taro/src/cli/types.ts">
        <metrics statements="0" coveredstatements="0" conditionals="1" coveredconditionals="1" methods="1" coveredmethods="1"/>
      </file>
      <file name="utils.ts" path="/Users/michaelgichia/workspace/taro/src/cli/utils.ts">
        <metrics statements="0" coveredstatements="0" conditionals="1" coveredconditionals="1" methods="1" coveredmethods="1"/>
      </file>
    </package>
    <package name="taro.src.cli.commands">
      <metrics statements="2781" coveredstatements="2290" conditionals="709" coveredconditionals="502" methods="132" coveredmethods="126"/>
      <file name="constant.ts" path="/Users/michaelgichia/workspace/taro/src/cli/commands/constant.ts">
        <metrics statements="0" coveredstatements="0" conditionals="1" coveredconditionals="1" methods="1" coveredmethods="1"/>
      </file>
      <file name="generate.ts" path="/Users/michaelgichia/workspace/taro/src/cli/commands/generate.ts">
        <metrics statements="2664" coveredstatements="2243" conditionals="693" coveredconditionals="494" methods="120" coveredmethods="119"/>
        <line num="6" count="1" type="stmt"/>
        <line num="7" count="1" type="stmt"/>
        <line num="8" count="1" type="stmt"/>
        <line num="10" count="1" type="stmt"/>
        <line num="11" count="1" type="stmt"/>
        <line num="13" count="1" type="stmt"/>
        <line num="14" count="1" type="stmt"/>
        <line num="15" count="1" type="stmt"/>
        <line num="16" count="1" type="stmt"/>
        <line num="21" count="1" type="stmt"/>
        <line num="26" count="1" type="stmt"/>
        <line num="27" count="1" type="stmt"/>
        <line num="28" count="1" type="stmt"/>
        <line num="30" count="1" type="stmt"/>
        <line num="31" count="1" type="stmt"/>
        <line num="32" count="1" type="stmt"/>
        <line num="40" count="1" type="stmt"/>
        <line num="47" count="1" type="stmt"/>
        <line num="48" count="1" type="stmt"/>
        <line num="49" count="1" type="stmt"/>
        <line num="59" count="1" type="stmt"/>
        <line num="60" count="1" type="stmt"/>
        <line num="61" count="1" type="stmt"/>
        <line num="191" count="563" type="cond" truecount="1" falsecount="0"/>
        <line num="192" count="563" type="stmt"/>
        <line num="193" count="563" type="stmt"/>
        <line num="204" count="23" type="cond" truecount="1" falsecount="0"/>
        <line num="207" count="23" type="stmt"/>
        <line num="208" count="23" type="stmt"/>
        <line num="210" count="23" type="cond" truecount="1" falsecount="0"/>
        <line num="212" count="988" type="cond" truecount="1" falsecount="0"/>
        <line num="213" count="804" type="stmt"/>
        <line num="214" count="804" type="cond" truecount="1" falsecount="0"/>
        <line num="216" count="184" type="stmt"/>
        <line num="217" count="988" type="cond" truecount="1" falsecount="0"/>
        <line num="218" count="183" type="stmt"/>
        <line num="219" count="183" type="stmt"/>
        <line num="220" count="988" type="stmt"/>
        <line num="222" count="23" type="cond" truecount="1" falsecount="0"/>
        <line num="223" count="518" type="cond" truecount="1" falsecount="0"/>
        <line num="225" count="23" type="stmt"/>
        <line num="226" count="23" type="stmt"/>
        <line num="227" count="23" type="cond" truecount="1" falsecount="0"/>
        <line num="228" count="884" type="cond" truecount="2" falsecount="0"/>
        <line num="229" count="804" type="stmt"/>
        <line num="230" count="804" type="cond" truecount="1" falsecount="0"/>
        <line num="232" count="80" type="stmt"/>
        <line num="233" count="80" type="stmt"/>
        <line num="234" count="80" type="stmt"/>
        <line num="235" count="80" type="stmt"/>
        <line num="236" count="80" type="stmt"/>
        <line num="237" count="80" type="stmt"/>
        <line num="238" count="80" type="stmt"/>
        <line num="239" count="80" type="stmt"/>
        <line num="240" count="80" type="stmt"/>
        <line num="241" count="80" type="stmt"/>
        <line num="242" count="80" type="stmt"/>
        <line num="243" count="80" type="stmt"/>
        <line num="244" count="80" type="stmt"/>
        <line num="245" count="80" type="stmt"/>
        <line num="246" count="80" type="stmt"/>
        <line num="248" count="80" type="stmt"/>
        <line num="249" count="80" type="stmt"/>
        <line num="250" count="80" type="stmt"/>
        <line num="251" count="80" type="stmt"/>
        <line num="252" count="884" type="cond" truecount="0" falsecount="1"/>
        <line num="253" count="884" type="stmt"/>
        <line num="254" count="884" type="stmt"/>
        <line num="255" count="884" type="stmt"/>
        <line num="256" count="884" type="stmt"/>
        <line num="257" count="884" type="stmt"/>
        <line num="258" count="884" type="stmt"/>
        <line num="259" count="884" type="stmt"/>
        <line num="260" count="884" type="stmt"/>
        <line num="261" count="884" type="stmt"/>
        <line num="262" count="884" type="stmt"/>
        <line num="263" count="884" type="stmt"/>
        <line num="264" count="884" type="stmt"/>
        <line num="265" count="23" type="cond" truecount="1" falsecount="0"/>
        <line num="266" count="8098" type="cond" truecount="2" falsecount="0"/>
        <line num="267" count="8075" type="stmt"/>
        <line num="268" count="8075" type="cond" truecount="1" falsecount="0"/>
        <line num="270" count="23" type="stmt"/>
        <line num="271" count="23" type="stmt"/>
        <line num="272" count="23" type="stmt"/>
        <line num="273" count="23" type="stmt"/>
        <line num="274" count="23" type="stmt"/>
        <line num="275" count="23" type="stmt"/>
        <line num="276" count="23" type="stmt"/>
        <line num="277" count="23" type="stmt"/>
        <line num="278" count="23" type="stmt"/>
        <line num="279" count="23" type="stmt"/>
        <line num="280" count="23" type="cond" truecount="0" falsecount="1"/>
        <line num="281" count="0" type="stmt"/>
        <line num="282" count="8098" type="stmt"/>
        <line num="283" count="8098" type="stmt"/>
        <line num="284" count="8098" type="stmt"/>
        <line num="286" count="8098" type="stmt"/>
        <line num="287" count="8098" type="stmt"/>
        <line num="288" count="8098" type="stmt"/>
        <line num="289" count="8098" type="stmt"/>
        <line num="290" count="8098" type="stmt"/>
        <line num="291" count="8098" type="stmt"/>
        <line num="292" count="8098" type="cond" truecount="0" falsecount="1"/>
        <line num="293" count="8098" type="stmt"/>
        <line num="294" count="8098" type="stmt"/>
        <line num="295" count="8098" type="stmt"/>
        <line num="296" count="8098" type="stmt"/>
        <line num="297" count="8098" type="cond" truecount="1" falsecount="1"/>
        <line num="298" count="8098" type="stmt"/>
        <line num="299" count="8098" type="stmt"/>
        <line num="300" count="8098" type="stmt"/>
        <line num="301" count="8098" type="stmt"/>
        <line num="302" count="8098" type="stmt"/>
        <line num="303" count="8098" type="stmt"/>
[...]
        <line num="297" count="1" type="stmt"/>
        <line num="298" count="1" type="stmt"/>
        <line num="301" count="1" type="stmt"/>
        <line num="303" count="1" type="stmt"/>
        <line num="304" count="1" type="cond" truecount="1" falsecount="0"/>
        <line num="305" count="4" type="stmt"/>
        <line num="306" count="4" type="cond" truecount="0" falsecount="1"/>
        <line num="307" count="1" type="stmt"/>
        <line num="310" count="1" type="stmt"/>
        <line num="311" count="1" type="cond" truecount="0" falsecount="1"/>
        <line num="314" count="1" type="stmt"/>
        <line num="315" count="1" type="stmt"/>
        <line num="316" count="1" type="cond" truecount="0" falsecount="1"/>
        <line num="318" count="1" type="cond" truecount="0" falsecount="1"/>
        <line num="319" count="0" type="stmt"/>
        <line num="320" count="0" type="stmt"/>
        <line num="321" count="0" type="stmt"/>
        <line num="322" count="0" type="stmt"/>
        <line num="323" count="0" type="stmt"/>
        <line num="324" count="0" type="stmt"/>
        <line num="325" count="0" type="stmt"/>
        <line num="327" count="1" type="cond" truecount="0" falsecount="1"/>
        <line num="328" count="0" type="stmt"/>
        <line num="329" count="0" type="stmt"/>
        <line num="330" count="0" type="stmt"/>
        <line num="331" count="0" type="stmt"/>
        <line num="332" count="0" type="stmt"/>
        <line num="333" count="0" type="stmt"/>
        <line num="334" count="0" type="stmt"/>
        <line num="336" count="1" type="stmt"/>
        <line num="337" count="1" type="stmt"/>
        <line num="338" count="1" type="stmt"/>
        <line num="339" count="1" type="stmt"/>
        <line num="340" count="1" type="stmt"/>
        <line num="341" count="1" type="stmt"/>
        <line num="342" count="1" type="stmt"/>
        <line num="343" count="1" type="stmt"/>
        <line num="345" count="1" type="stmt"/>
        <line num="346" count="1" type="cond" truecount="0" falsecount="1"/>
        <line num="347" count="0" type="stmt"/>
        <line num="348" count="1" type="stmt"/>
        <line num="349" count="1" type="stmt"/>
        <line num="350" count="1" type="stmt"/>
        <line num="351" count="1" type="stmt"/>
        <line num="352" count="1" type="stmt"/>
        <line num="353" count="1" type="stmt"/>
        <line num="354" count="1" type="stmt"/>
        <line num="355" count="1" type="stmt"/>
        <line num="356" count="1" type="stmt"/>
        <line num="358" count="1" type="stmt"/>
        <line num="359" count="1" type="stmt"/>
        <line num="360" count="1" type="stmt"/>
        <line num="361" count="1" type="stmt"/>
        <line num="362" count="1" type="stmt"/>
        <line num="363" count="1" type="stmt"/>
        <line num="364" count="1" type="stmt"/>
        <line num="365" count="1" type="stmt"/>
        <line num="367" count="1" type="stmt"/>
        <line num="368" count="1" type="stmt"/>
        <line num="369" count="1" type="stmt"/>
        <line num="370" count="1" type="stmt"/>
        <line num="371" count="1" type="stmt"/>
        <line num="372" count="1" type="stmt"/>
        <line num="373" count="1" type="stmt"/>
        <line num="374" count="1" type="stmt"/>
        <line num="377" count="1" type="stmt"/>
        <line num="378" count="1" type="cond" truecount="0" falsecount="1"/>
        <line num="379" count="1" type="cond" truecount="0" falsecount="1"/>
        <line num="380" count="1" type="cond" truecount="1" falsecount="0"/>
        <line num="381" count="1" type="stmt"/>
        <line num="382" count="1" type="stmt"/>
        <line num="383" count="1" type="stmt"/>
        <line num="388" count="37" type="cond" truecount="1" falsecount="0"/>
        <line num="389" count="37" type="cond" truecount="1" falsecount="0"/>
        <line num="390" count="17" type="cond" truecount="0" falsecount="1"/>
        <line num="391" count="17" type="cond" truecount="1" falsecount="0"/>
        <line num="392" count="37" type="cond" truecount="2" falsecount="0"/>
        <line num="394" count="12" type="stmt"/>
        <line num="395" count="12" type="stmt"/>
        <line num="396" count="12" type="cond" truecount="0" falsecount="1"/>
        <line num="397" count="12" type="cond" truecount="0" falsecount="1"/>
        <line num="398" count="12" type="cond" truecount="1" falsecount="0"/>
        <line num="399" count="37" type="cond" truecount="1" falsecount="0"/>
        <line num="400" count="8" type="stmt"/>
        <line num="401" count="8" type="cond" truecount="0" falsecount="1"/>
        <line num="402" count="0" type="stmt"/>
        <line num="403" count="0" type="stmt"/>
        <line num="408" count="17" type="cond" truecount="1" falsecount="0"/>
        <line num="409" count="17" type="cond" truecount="1" falsecount="0"/>
        <line num="410" count="7" type="cond" truecount="0" falsecount="1"/>
        <line num="411" count="7" type="cond" truecount="1" falsecount="0"/>
        <line num="412" count="17" type="cond" truecount="1" falsecount="0"/>
        <line num="413" count="10" type="stmt"/>
        <line num="414" count="10" type="cond" truecount="0" falsecount="1"/>
        <line num="415" count="10" type="cond" truecount="0" falsecount="1"/>
        <line num="416" count="17" type="cond" truecount="0" falsecount="1"/>
        <line num="417" count="0" type="stmt"/>
        <line num="418" count="0" type="stmt"/>
        <line num="419" count="0" type="stmt"/>
        <line num="420" count="0" type="stmt"/>
      </file>
      <file name="types.ts" path="/Users/michaelgichia/workspace/taro/src/scorer/types.ts">
        <metrics statements="0" coveredstatements="0" conditionals="1" coveredconditionals="1" methods="1" coveredmethods="1"/>
      </file>
      <file name="utils.ts" path="/Users/michaelgichia/workspace/taro/src/scorer/utils.ts">
        <metrics statements="0" coveredstatements="0" conditionals="1" coveredconditionals="1" methods="1" coveredmethods="1"/>
      </file>
    </package>
    <package name="taro.src.templates">
      <metrics statements="183" coveredstatements="133" conditionals="56" coveredconditionals="37" methods="16" coveredmethods="15"/>
      <file name="constant.ts" path="/Users/michaelgichia/workspace/taro/src/templates/constant.ts">
        <metrics statements="0" coveredstatements="0" conditionals="1" coveredconditionals="1" methods="1" coveredmethods="1"/>
      </file>
      <file name="test-template.ts" path="/Users/michaelgichia/workspace/taro/src/templates/test-template.ts">
        <metrics statements="183" coveredstatements="133" conditionals="53" coveredconditionals="34" methods="13" coveredmethods="12"/>
        <line num="27" count="1" type="cond" truecount="1" falsecount="0"/>
        <line num="28" count="34" type="stmt"/>
        <line num="29" count="34" type="stmt"/>
        <line num="30" count="34" type="stmt"/>
        <line num="31" count="34" type="stmt"/>
        <line num="32" count="34" type="stmt"/>
        <line num="33" count="34" type="cond" truecount="1" falsecount="0"/>
        <line num="34" count="14" type="stmt"/>
        <line num="35" count="14" type="stmt"/>
        <line num="36" count="34" type="cond" truecount="1" falsecount="0"/>
        <line num="37" count="3" type="stmt"/>
        <line num="38" count="3" type="stmt"/>
        <line num="39" count="34" type="stmt"/>
        <line num="40" count="34" type="stmt"/>
        <line num="41" count="34" type="stmt"/>
        <line num="42" count="34" type="cond" truecount="0" falsecount="1"/>
        <line num="44" count="34" type="cond" truecount="0" falsecount="1"/>
        <line num="45" count="0" type="stmt"/>
        <line num="46" count="0" type="stmt"/>
        <line num="47" count="0" type="stmt"/>
        <line num="48" count="0" type="stmt"/>
        <line num="49" count="0" type="stmt"/>
        <line num="50" count="0" type="stmt"/>
        <line num="51" count="0" type="stmt"/>
        <line num="52" count="0" type="stmt"/>
        <line num="53" count="0" type="stmt"/>
        <line num="54" count="0" type="stmt"/>
        <line num="55" count="0" type="stmt"/>
        <line num="56" count="0" type="stmt"/>
        <line num="57" count="0" type="stmt"/>
        <line num="58" count="0" type="stmt"/>
        <line num="59" count="0" type="stmt"/>
        <line num="60" count="0" type="stmt"/>
        <line num="61" count="0" type="stmt"/>
        <line num="62" count="0" type="stmt"/>
        <line num="63" count="0" type="stmt"/>
        <line num="64" count="0" type="stmt"/>
        <line num="65" count="0" type="stmt"/>
        <line num="67" count="34" type="stmt"/>
        <line num="68" count="34" type="stmt"/>
        <line num="69" count="34" type="stmt"/>
        <line num="70" count="34" type="stmt"/>
        <line num="71" count="34" type="cond" truecount="1" falsecount="0"/>
        <line num="72" count="32" type="stmt"/>
        <line num="73" count="32" type="stmt"/>
        <line num="74" count="34" type="cond" truecount="1" falsecount="0"/>
        <line num="75" count="9" type="stmt"/>
        <line num="76" count="9" type="stmt"/>
        <line num="77" count="34" type="cond" truecount="0" falsecount="1"/>
        <line num="78" count="0" type="stmt"/>
        <line num="79" count="0" type="stmt"/>
        <line num="80" count="0" type="stmt"/>
        <line num="81" count="0" type="stmt"/>
        <line num="82" count="0" type="stmt"/>
        <line num="83" count="0" type="stmt"/>
        <line num="84" count="34" type="stmt"/>
        <line num="85" count="34" type="stmt"/>
        <line num="87" count="469" type="cond" truecount="1" falsecount="0"/>
        <line num="88" count="469" type="stmt"/>
        <line num="89" count="469" type="stmt"/>
        <line num="91" count="60" type="cond" truecount="1" falsecount="0"/>
        <line num="92" count="60" type="stmt"/>
        <line num="93" count="60" type="stmt"/>
        <line num="94" count="60" type="stmt"/>
        <line num="95" count="60" type="cond" truecount="1" falsecount="1"/>
        <line num="96" count="60" type="stmt"/>
        <line num="97" count="60" type="stmt"/>
        <line num="110" count="280" type="cond" truecount="1" falsecount="0"/>
        <line num="111" count="280" type="stmt"/>
        <line num="112" count="280" type="stmt"/>
        <line num="114" count="154" type="cond" truecount="1" falsecount="0"/>
        <line num="115" count="154" type="cond" truecount="0" falsecount="1"/>
        <line num="116" count="0" type="stmt"/>
        <line num="117" count="0" type="stmt"/>
        <line num="119" count="154" type="cond" truecount="0" falsecount="1"/>
        <line num="120" count="154" type="stmt"/>
        <line num="122" count="7" type="cond" truecount="1" falsecount="0"/>
        <line num="123" count="7" type="stmt"/>
        <line num="124" count="7" type="stmt"/>
        <line num="126" count="1" type="cond" truecount="1" falsecount="0"/>
        <line num="127" count="401" type="stmt"/>
        <line num="128" count="401" type="stmt"/>
        <line num="130" count="401" type="cond" truecount="1" falsecount="0"/>
        <line num="131" count="140" type="stmt"/>
        <line num="132" count="140" type="stmt"/>
        <line num="133" count="140" type="stmt"/>
        <line num="134" count="140" type="stmt"/>
        <line num="135" count="140" type="stmt"/>
        <line num="136" count="140" type="stmt"/>
        <line num="137" count="140" type="cond" truecount="1" falsecount="0"/>
        <line num="139" count="261" type="stmt"/>
        <line num="140" count="401" type="cond" truecount="1" falsecount="0"/>
        <line num="141" count="200" type="stmt"/>
        <line num="143" count="401" type="cond" truecount="1" falsecount="0"/>
        <line num="144" count="54" type="stmt"/>
        <line num="145" count="54" type="stmt"/>
        <line num="146" count="54" type="stmt"/>
        <line num="147" count="54" type="stmt"/>
        <line num="149" count="401" type="cond" truecount="0" falsecount="1"/>
        <line num="150" count="0" type="stmt"/>
        <line num="152" count="401" type="cond" truecount="0" falsecount="1"/>
        <line num="153" count="0" type="stmt"/>
        <line num="155" count="401" type="cond" truecount="1" falsecount="0"/>
        <line num="156" count="7" type="cond" truecount="1" falsecount="0"/>
        <line num="157" count="1" type="cond" truecount="1" falsecount="1"/>
        <line num="158" count="6" type="cond" truecount="0" falsecount="1"/>
        <line num="160" count="401" type="cond" truecount="0" falsecount="1"/>
        <line num="161" count="0" type="stmt"/>
        <line num="163" count="401" type="cond" truecount="0" falsecount="1"/>
        <line num="164" count="0" type="stmt"/>
        <line num="166" count="401" type="cond" truecount="0" falsecount="1"/>
        <line num="167" count="401" type="cond" truecount="0" falsecount="1"/>
        <line num="168" count="0" type="stmt"/>
        <line num="169" count="401" type="stmt"/>
        <line num="170" count="401" type="stmt"/>
        <line num="172" count="1" type="cond" truecount="1" falsecount="0"/>
        <line num="175" count="9" type="stmt"/>
        <line num="176" count="9" type="cond" truecount="0" falsecount="1"/>
        <line num="177" count="9" type="stmt"/>
        <line num="180" count="1" type="cond" truecount="1" falsecount="0"/>
        <line num="183" count="145" type="stmt"/>
        <line num="184" count="145" type="stmt"/>
        <line num="185" count="145" type="cond" truecount="0" falsecount="1"/>
        <line num="186" count="145" type="stmt"/>
        <line num="189" count="1" type="cond" truecount="1" falsecount="0"/>
        <line num="190" count="14" type="cond" truecount="1" falsecount="0"/>
        <line num="191" count="14" type="stmt"/>
        <line num="192" count="14" type="stmt"/>
        <line num="194" count="1" type="stmt"/>
        <line num="195" count="0" type="stmt"/>
        <line num="196" count="0" type="stmt"/>
        <line num="197" count="0" type="stmt"/>
        <line num="198" count="0" type="stmt"/>
        <line num="199" count="0" type="stmt"/>
        <line num="200" count="0" type="stmt"/>
        <line num="201" count="0" type="stmt"/>
        <line num="202" count="0" type="stmt"/>
        <line num="203" count="0" type="stmt"/>
        <line num="204" count="0" type="stmt"/>
        <line num="205" count="0" type="stmt"/>
        <line num="206" count="0" type="stmt"/>
        <line num="207" count="0" type="stmt"/>
        <line num="208" count="0" type="stmt"/>
        <line num="209" count="0" type="stmt"/>
        <line num="210" count="0" type="stmt"/>
        <line num="223" count="1" type="cond" truecount="1" falsecount="0"/>
        <line num="224" count="26" type="stmt"/>
        <line num="225" count="26" type="stmt"/>
        <line num="226" count="26" type="stmt"/>
        <line num="227" count="26" type="stmt"/>
        <line num="228" count="26" type="stmt"/>
        <line num="229" count="26" type="stmt"/>
        <line num="230" count="26" type="stmt"/>
        <line num="232" count="1" type="cond" truecount="1" falsecount="0"/>
        <line num="233" count="34" type="stmt"/>
        <line num="234" count="34" type="stmt"/>
        <line num="235" count="34" type="stmt"/>
        <line num="239" count="34" type="stmt"/>
        <line num="240" count="34" type="stmt"/>
        <line num="241" count="34" type="stmt"/>
        <line num="242" count="34" type="cond" truecount="0" falsecount="1"/>
        <line num="243" count="34" type="cond" truecount="0" falsecount="1"/>
        <line num="244" count="34" type="cond" truecount="1" falsecount="1"/>
        <line num="245" count="34" type="cond" truecount="1" falsecount="0"/>
        <line num="246" count="34" type="stmt"/>
        <line num="247" count="34" type="stmt"/>
        <line num="248" count="34" type="cond" truecount="2" falsecount="0"/>
        <line num="249" count="34" type="stmt"/>
        <line num="250" count="34" type="cond" truecount="2" falsecount="0"/>
        <line num="251" count="34" type="stmt"/>
        <line num="252" count="34" type="stmt"/>
        <line num="253" count="34" type="cond" truecount="1" falsecount="0"/>
        <line num="254" count="34" type="cond" truecount="2" falsecount="0"/>
        <line num="255" count="34" type="stmt"/>
        <line num="256" count="34" type="stmt"/>
        <line num="257" count="34" type="stmt"/>
        <line num="258" count="34" type="stmt"/>
        <line num="259" count="34" type="stmt"/>
        <line num="260" count="34" type="stmt"/>
        <line num="261" count="34" type="stmt"/>
        <line num="262" count="34" type="stmt"/>
        <line num="264" count="34" type="stmt"/>
        <line num="265" count="34" type="stmt"/>
      </file>
      <file name="types.ts" path="/Users/michaelgichia/workspace/taro/src/templates/types.ts">
        <metrics statements="0" coveredstatements="0" conditionals="1" coveredconditionals="1" methods="1" coveredmethods="1"/>
      </file>
      <file name="utils.ts" path="/Users/michaelgichia/workspace/taro/src/templates/utils.ts">
        <metrics statements="0" coveredstatements="0" conditionals="1" coveredconditionals="1" methods="1" coveredmethods="1"/>
      </file>
    </package>
    <package name="taro.src.types">
      <metrics statements="12" coveredstatements="12" conditionals="6" coveredconditionals="6" methods="6" coveredmethods="6"/>
      <file name="constant.ts" path="/Users/michaelgichia/workspace/taro/src/types/constant.ts">
        <metrics statements="0" coveredstatements="0" conditionals="1" coveredconditionals="1" methods="1" coveredmethods="1"/>
      </file>
      <file name="conventions.ts" path="/Users/michaelgichia/workspace/taro/src/types/conventions.ts">
        <metrics statements="9" coveredstatements="9" conditionals="0" coveredconditionals="0" methods="0" coveredmethods="0"/>
        <line num="65" count="1" type="stmt"/>
        <line num="66" count="1" type="stmt"/>
        <line num="67" count="1" type="stmt"/>
        <line num="68" count="1" type="stmt"/>
        <line num="69" count="1" type="stmt"/>
        <line num="70" count="1" type="stmt"/>
        <line num="71" count="1" type="stmt"/>
        <line num="72" count="1" type="stmt"/>
        <line num="73" count="1" type="stmt"/>
      </file>
      <file name="recording.ts" path="/Users/michaelgichia/workspace/taro/src/types/recording.ts">
        <metrics statements="3" coveredstatements="3" conditionals="1" coveredconditionals="1" methods="1" coveredmethods="1"/>
        <line num="560" count="1" type="cond" truecount="1" falsecount="0"/>
        <line num="561" count="1421" type="stmt"/>
        <line num="562" count="1421" type="stmt"/>
      </file>
      <file name="score.ts" path="/Users/michaelgichia/workspace/taro/src/types/score.ts">
        <metrics statements="0" coveredstatements="0" conditionals="1" coveredconditionals="1" methods="1" coveredmethods="1"/>
      </file>
      <file name="state.ts" path="/Users/michaelgichia/workspace/taro/src/types/state.ts">
        <metrics statements="0" coveredstatements="0" conditionals="1" coveredconditionals="1" methods="1" coveredmethods="1"/>
      </file>
      <file name="types.ts" path="/Users/michaelgichia/workspace/taro/src/types/types.ts">
        <metrics statements="0" coveredstatements="0" conditionals="1" coveredconditionals="1" methods="1" coveredmethods="1"/>
      </file>
      <file name="utils.ts" path="/Users/michaelgichia/workspace/taro/src/types/utils.ts">
        <metrics statements="0" coveredstatements="0" conditionals="1" coveredconditionals="1" methods="1" coveredmethods="1"/>
      </file>
    </package>
  </project>
</coverage>
